<?xml version="1.0" encoding="UTF-8"?>
<!-- Generated by org.testng.reporters.JUnitReportReporter -->
<testsuite hostname="BhargavB" failures="0" tests="2" name="tests.Testing2" time="0.003" errors="0" timestamp="04 Feb. 2023 18:02:04 GMT" skipped="0">
  <testcase classname="tests.Testing2" name="test3" time="0.002"/>
  <testcase classname="tests.Testing2" name="test4" time="0.001"/>
</testsuite> <!-- tests.Testing2 -->
